<?xml version="1.0" encoding="UTF-8"?>
<testng-results ignored="0" total="1" passed="1" failed="0" skipped="0">
  <reporter-output>
  </reporter-output>
  <suite started-at="2024-03-24T12:24:42 IST" name="Default suite" finished-at="2024-03-24T12:24:52 IST" duration-ms="9678">
    <groups>
    </groups>
    <test started-at="2024-03-24T12:24:42 IST" name="Default test" finished-at="2024-03-24T12:24:52 IST" duration-ms="9678">
      <class name="org.caps.ReadData">
        <test-method is-config="true" signature="setUp()[pri:0, instance:org.caps.ReadData@3a93b025]" started-at="2024-03-24T12:24:42 IST" name="setUp" finished-at="2024-03-24T12:24:50 IST" duration-ms="7594" status="PASS">
          <reporter-output>
          </reporter-output>
        </test-method> <!-- setUp -->
        <test-method signature="testBrowser()[pri:0, instance:org.caps.ReadData@3a93b025]" started-at="2024-03-24T12:24:50 IST" name="testBrowser" finished-at="2024-03-24T12:24:52 IST" duration-ms="1980" status="PASS">
          <reporter-output>
          </reporter-output>
        </test-method> <!-- testBrowser -->
      </class> <!-- org.caps.ReadData -->
    </test> <!-- Default test -->
  </suite> <!-- Default suite -->
</testng-results>
